0 info it worked if it ends with ok
1 verbose cli [ 'node', '/usr/local/bin/npm', 'install', 'htmlstrip-native' ]
2 info using npm@2.12.0
3 info using node@v0.12.5
4 verbose install initial load of /htdocs/ripe-starter_email/package.json
5 warn package.json Gulp-Email-Creator@1.0.1 license should be a valid SPDX license expression
6 verbose installManyTop reading scoped package data from /htdocs/ripe-starter_email/node_modules/browser-sync/package.json
7 verbose installManyTop reading scoped package data from /htdocs/ripe-starter_email/node_modules/gulp/package.json
8 verbose installManyTop reading scoped package data from /htdocs/ripe-starter_email/node_modules/gulp-autoprefixer/package.json
9 verbose installManyTop reading scoped package data from /htdocs/ripe-starter_email/node_modules/gulp-inline-source/package.json
10 verbose installManyTop reading scoped package data from /htdocs/ripe-starter_email/node_modules/gulp-jade/package.json
11 verbose installManyTop reading scoped package data from /htdocs/ripe-starter_email/node_modules/gulp-mc-inline-css/package.json
12 verbose installManyTop reading scoped package data from /htdocs/ripe-starter_email/node_modules/gulp-sass/package.json
13 verbose installManyTop reading scoped package data from /htdocs/ripe-starter_email/node_modules/gulp-util/package.json
14 verbose installManyTop reading scoped package data from /htdocs/ripe-starter_email/node_modules/nodemailer/package.json
15 verbose installManyTop reading scoped package data from /htdocs/ripe-starter_email/node_modules/npm-debug.log/package.json
16 verbose installManyTop reading scoped package data from /htdocs/ripe-starter_email/node_modules/tiny-lr/package.json
17 info package.json browser-sync@1.9.2 No license field.
18 info package.json tiny-lr@0.1.4 No license field.
19 verbose readDependencies loading dependencies from /htdocs/ripe-starter_email/package.json
20 silly cache add args [ 'htmlstrip-native', null ]
21 verbose cache add spec htmlstrip-native
22 silly cache add parsed spec { raw: 'htmlstrip-native',
22 silly cache add   scope: null,
22 silly cache add   name: 'htmlstrip-native',
22 silly cache add   rawSpec: '',
22 silly cache add   spec: '*',
22 silly cache add   type: 'range' }
23 silly addNamed htmlstrip-native@*
24 verbose addNamed "*" is a valid semver range for htmlstrip-native
25 silly addNameRange { name: 'htmlstrip-native', range: '*', hasData: false }
26 silly mapToRegistry name htmlstrip-native
27 silly mapToRegistry using default registry
28 silly mapToRegistry registry https://registry.npmjs.org/
29 silly mapToRegistry uri https://registry.npmjs.org/htmlstrip-native
30 verbose addNameRange registry:https://registry.npmjs.org/htmlstrip-native not in flight; fetching
31 verbose request uri https://registry.npmjs.org/htmlstrip-native
32 verbose request no auth needed
33 info attempt registry request try #1 at 11:51:54 AM
34 verbose request id a92acab9659f207b
35 verbose etag "31H0GBBM9WKI8F7BZ09XM9GXL"
36 http request GET https://registry.npmjs.org/htmlstrip-native
37 http 304 https://registry.npmjs.org/htmlstrip-native
38 silly get cb [ 304,
38 silly get   { date: 'Fri, 28 Aug 2015 15:51:54 GMT',
38 silly get     via: '1.1 varnish',
38 silly get     'cache-control': 'max-age=60',
38 silly get     etag: '"31H0GBBM9WKI8F7BZ09XM9GXL"',
38 silly get     age: '0',
38 silly get     connection: 'keep-alive',
38 silly get     'x-served-by': 'cache-iad2146-IAD',
38 silly get     'x-cache': 'MISS',
38 silly get     'x-cache-hits': '0',
38 silly get     'x-timer': 'S1440777114.087379,VS0,VE13',
38 silly get     vary: 'Accept' } ]
39 verbose etag https://registry.npmjs.org/htmlstrip-native from cache
40 verbose get saving htmlstrip-native to /Users/paul/.npm/registry.npmjs.org/htmlstrip-native/.cache.json
41 silly addNameRange number 2 { name: 'htmlstrip-native', range: '*', hasData: true }
42 silly addNameRange versions [ 'htmlstrip-native',
42 silly addNameRange   [ '0.0.1',
42 silly addNameRange     '0.0.2',
42 silly addNameRange     '0.0.3',
42 silly addNameRange     '0.0.4',
42 silly addNameRange     '0.0.5',
42 silly addNameRange     '0.0.6',
42 silly addNameRange     '0.1.0',
42 silly addNameRange     '0.1.1' ] ]
43 silly addNamed htmlstrip-native@0.1.1
44 verbose addNamed "0.1.1" is a plain semver version for htmlstrip-native
45 silly cache afterAdd htmlstrip-native@0.1.1
46 verbose afterAdd /Users/paul/.npm/htmlstrip-native/0.1.1/package/package.json not in flight; writing
47 verbose afterAdd /Users/paul/.npm/htmlstrip-native/0.1.1/package/package.json written
48 silly install resolved [ { name: 'htmlstrip-native',
48 silly install resolved     version: '0.1.1',
48 silly install resolved     description: 'Strip html tags with ease and efficiency',
48 silly install resolved     author: { name: 'Svetlozar Argirov', email: 'zarrro@gmail.com' },
48 silly install resolved     keywords: [ 'html', 'strip', 'tag', 'entities' ],
48 silly install resolved     main: 'index.js',
48 silly install resolved     repository:
48 silly install resolved      { type: 'git',
48 silly install resolved        url: 'git://github.com/zaro/node-htmlstrip-native.git' },
48 silly install resolved     dependencies: {},
48 silly install resolved     scripts: { test: 'test/test.sh', install: 'node-gyp rebuild' },
48 silly install resolved     gypfile: true,
48 silly install resolved     gitHead: 'b73836b2db07ae6b9485a0feeb2aec8052336ac2',
48 silly install resolved     bugs: { url: 'https://github.com/zaro/node-htmlstrip-native/issues' },
48 silly install resolved     homepage: 'https://github.com/zaro/node-htmlstrip-native',
48 silly install resolved     _id: 'htmlstrip-native@0.1.1',
48 silly install resolved     _shasum: '459722601c8f0236dd3f80a03b7bf7f5eefe6351',
48 silly install resolved     _from: 'htmlstrip-native@*',
48 silly install resolved     _npmVersion: '2.5.1',
48 silly install resolved     _nodeVersion: '0.12.0',
48 silly install resolved     _npmUser: { name: 'zaro', email: 'zarrro@gmail.com' },
48 silly install resolved     maintainers: [ [Object] ],
48 silly install resolved     dist:
48 silly install resolved      { shasum: '459722601c8f0236dd3f80a03b7bf7f5eefe6351',
48 silly install resolved        tarball: 'http://registry.npmjs.org/htmlstrip-native/-/htmlstrip-native-0.1.1.tgz' },
48 silly install resolved     directories: {},
48 silly install resolved     _resolved: 'https://registry.npmjs.org/htmlstrip-native/-/htmlstrip-native-0.1.1.tgz',
48 silly install resolved     readme: 'ERROR: No README data found!' } ]
49 info install htmlstrip-native@0.1.1 into /htdocs/ripe-starter_email
50 info installOne htmlstrip-native@0.1.1
51 verbose installOne of htmlstrip-native to /htdocs/ripe-starter_email not in flight; installing
52 verbose lock using /Users/paul/.npm/_locks/htmlstrip-native-7f0509d075f24c37.lock for /htdocs/ripe-starter_email/node_modules/htmlstrip-native
53 silly install write writing htmlstrip-native 0.1.1 to /htdocs/ripe-starter_email/node_modules/htmlstrip-native
54 verbose unbuild node_modules/htmlstrip-native
55 silly gentlyRm /htdocs/ripe-starter_email/node_modules/htmlstrip-native is being purged from base /htdocs/ripe-starter_email
56 verbose gentlyRm don't care about contents; nuking /htdocs/ripe-starter_email/node_modules/htmlstrip-native
57 verbose tar unpack /Users/paul/.npm/htmlstrip-native/0.1.1/package.tgz
58 verbose tar unpacking to /htdocs/ripe-starter_email/node_modules/htmlstrip-native
59 silly gentlyRm /htdocs/ripe-starter_email/node_modules/htmlstrip-native is being purged
60 verbose gentlyRm don't care about contents; nuking /htdocs/ripe-starter_email/node_modules/htmlstrip-native
61 silly gunzTarPerm modes [ '755', '644' ]
62 silly gunzTarPerm extractEntry package.json
63 silly gunzTarPerm extractEntry .npmignore
64 silly gunzTarPerm extractEntry README.md
65 silly gunzTarPerm extractEntry LICENSE
66 silly gunzTarPerm extractEntry build_entities_hashtable.js
67 silly gunzTarPerm extractEntry crash.js
68 silly gunzTarPerm extractEntry index.js
69 silly gunzTarPerm extractEntry test/test.js
70 silly gunzTarPerm extractEntry test/test_acc.js
71 silly gunzTarPerm extractEntry test/test_attr.js
72 silly gunzTarPerm extractEntry test/test_comments.js
73 silly gunzTarPerm extractEntry test/test_entities.js
74 silly gunzTarPerm extractEntry test/test_strip.js
75 silly gunzTarPerm extractEntry test/test_strip_compact_ws.js
76 silly gunzTarPerm extractEntry test/test_strip_random.js
77 silly gunzTarPerm extractEntry test/test_url.js
78 silly gunzTarPerm extractEntry test/test.sh
79 silly gunzTarPerm extractEntry acc_translit.hpp
80 silly gunzTarPerm extractEntry entities/README.md
81 silly gunzTarPerm extractEntry entities/html4.json
82 silly gunzTarPerm extractEntry entities/html5.json
83 silly gunzTarPerm extractEntry entities/xml.json
84 silly gunzTarPerm extractEntry .travis.yml
85 silly gunzTarPerm extractEntry examples/simple.js
86 silly gunzTarPerm extractEntry htmlstrip.cpp
87 silly gunzTarPerm extractEntry htmlstrip.hpp
88 silly gunzTarPerm extractEntry htmlstrip_module.cpp
89 silly gunzTarPerm extractEntry htmlstrip_module_new.cpp
90 silly gunzTarPerm extractEntry htmlstrip_module_old.cpp
91 silly gunzTarPerm extractEntry binding.gyp
92 silly gunzTarPerm extractEntry entities.hpp
93 verbose write writing to /htdocs/ripe-starter_email/node_modules/htmlstrip-native/package.json
94 info preinstall htmlstrip-native@0.1.1
95 verbose readDependencies loading dependencies from /htdocs/ripe-starter_email/node_modules/htmlstrip-native/package.json
96 verbose readDependencies loading dependencies from /htdocs/ripe-starter_email/node_modules/htmlstrip-native/package.json
97 silly install resolved []
98 verbose about to build /htdocs/ripe-starter_email/node_modules/htmlstrip-native
99 info build /htdocs/ripe-starter_email/node_modules/htmlstrip-native
100 info linkStuff htmlstrip-native@0.1.1
101 silly linkStuff htmlstrip-native@0.1.1 has /htdocs/ripe-starter_email/node_modules as its parent node_modules
102 verbose linkBins htmlstrip-native@0.1.1
103 verbose linkMans htmlstrip-native@0.1.1
104 verbose rebuildBundles htmlstrip-native@0.1.1
105 info install htmlstrip-native@0.1.1
106 verbose unsafe-perm in lifecycle false
107 info htmlstrip-native@0.1.1 Failed to exec install script
108 verbose unlock done using /Users/paul/.npm/_locks/htmlstrip-native-7f0509d075f24c37.lock for /htdocs/ripe-starter_email/node_modules/htmlstrip-native
109 verbose stack Error: htmlstrip-native@0.1.1 install: `node-gyp rebuild`
109 verbose stack Exit status 1
109 verbose stack     at EventEmitter.<anonymous> (/usr/local/lib/node_modules/npm/lib/utils/lifecycle.js:213:16)
109 verbose stack     at EventEmitter.emit (events.js:110:17)
109 verbose stack     at ChildProcess.<anonymous> (/usr/local/lib/node_modules/npm/lib/utils/spawn.js:24:14)
109 verbose stack     at ChildProcess.emit (events.js:110:17)
109 verbose stack     at maybeClose (child_process.js:1015:16)
109 verbose stack     at Process.ChildProcess._handle.onexit (child_process.js:1087:5)
110 verbose pkgid htmlstrip-native@0.1.1
111 verbose cwd /htdocs/ripe-starter_email
112 error Darwin 14.5.0
113 error argv "node" "/usr/local/bin/npm" "install" "htmlstrip-native"
114 error node v0.12.5
115 error npm  v2.12.0
116 error code ELIFECYCLE
117 error htmlstrip-native@0.1.1 install: `node-gyp rebuild`
117 error Exit status 1
118 error Failed at the htmlstrip-native@0.1.1 install script 'node-gyp rebuild'.
118 error This is most likely a problem with the htmlstrip-native package,
118 error not with npm itself.
118 error Tell the author that this fails on your system:
118 error     node-gyp rebuild
118 error You can get their info via:
118 error     npm owner ls htmlstrip-native
118 error There is likely additional logging output above.
119 verbose exit [ 1, true ]
120 verbose unbuild node_modules/htmlstrip-native
121 info preuninstall htmlstrip-native@0.1.1
122 info uninstall htmlstrip-native@0.1.1
123 verbose unbuild rmStuff htmlstrip-native@0.1.1 from /htdocs/ripe-starter_email/node_modules
124 info postuninstall htmlstrip-native@0.1.1
125 silly gentlyRm /htdocs/ripe-starter_email/node_modules/htmlstrip-native is being purged from base /htdocs/ripe-starter_email
126 verbose gentlyRm don't care about contents; nuking /htdocs/ripe-starter_email/node_modules/htmlstrip-native
127 silly vacuum-fs purging /htdocs/ripe-starter_email/node_modules/htmlstrip-native
128 silly vacuum-fs quitting because other entries in /htdocs/ripe-starter_email/node_modules
